<?xml version="1.0" encoding="UTF-8"?>
<testsuite name="com.example.waterAplication.DemoApplicationTests" tests="1" skipped="0" failures="0" errors="0" timestamp="2025-01-12T12:10:06" hostname="Alexandrus-Mac-mini.local" time="0.255">
  <properties/>
  <testcase name="contextLoads()" classname="com.example.waterAplication.DemoApplicationTests" time="0.255"/>
  <system-out><![CDATA[14:10:04.840 [Test worker] INFO org.springframework.test.context.support.AnnotationConfigContextLoaderUtils -- Could not detect default configuration classes for test class [com.example.waterAplication.DemoApplicationTests]: DemoApplicationTests does not declare any static, non-private, non-final, nested classes annotated with @Configuration.
14:10:04.879 [Test worker] INFO org.springframework.boot.test.context.SpringBootTestContextBootstrapper -- Found @SpringBootConfiguration com.example.waterAplication.Main for test class com.example.waterAplication.DemoApplicationTests

  .   ____          _            __ _ _
 /\\ / ___'_ __ _ _(_)_ __  __ _ \ \ \ \
( ( )\___ | '_ | '_| | '_ \/ _` | \ \ \ \
 \\/  ___)| |_)| | | | | || (_| |  ) ) ) )
  '  |____| .__|_| |_|_| |_\__, | / / / /
 =========|_|==============|___/=/_/_/_/

 :: Spring Boot ::                (v3.4.1)

2025-01-12T14:10:05.021+02:00  INFO 28633 --- [demo] [    Test worker] c.e.w.DemoApplicationTests               : Starting DemoApplicationTests using Java 17.0.12 with PID 28633 (started by alexandrumihacea in /Users/alexandrumihacea/Documents/GIT/proiectMPAI)
2025-01-12T14:10:05.022+02:00  INFO 28633 --- [demo] [    Test worker] c.e.w.DemoApplicationTests               : No active profile set, falling back to 1 default profile: "default"
2025-01-12T14:10:05.285+02:00  INFO 28633 --- [demo] [    Test worker] .s.d.r.c.RepositoryConfigurationDelegate : Bootstrapping Spring Data JPA repositories in DEFAULT mode.
2025-01-12T14:10:05.306+02:00  INFO 28633 --- [demo] [    Test worker] .s.d.r.c.RepositoryConfigurationDelegate : Finished Spring Data repository scanning in 17 ms. Found 2 JPA repository interfaces.
2025-01-12T14:10:05.462+02:00  INFO 28633 --- [demo] [    Test worker] o.hibernate.jpa.internal.util.LogHelper  : HHH000204: Processing PersistenceUnitInfo [name: default]
2025-01-12T14:10:05.482+02:00  INFO 28633 --- [demo] [    Test worker] org.hibernate.Version                    : HHH000412: Hibernate ORM core version 6.6.4.Final
2025-01-12T14:10:05.493+02:00  INFO 28633 --- [demo] [    Test worker] o.h.c.internal.RegionFactoryInitiator    : HHH000026: Second-level cache disabled
2025-01-12T14:10:05.592+02:00  INFO 28633 --- [demo] [    Test worker] o.s.o.j.p.SpringPersistenceUnitInfo      : No LoadTimeWeaver setup: ignoring JPA class transformer
2025-01-12T14:10:05.602+02:00  INFO 28633 --- [demo] [    Test worker] com.zaxxer.hikari.HikariDataSource       : HikariPool-1 - Starting...
2025-01-12T14:10:05.660+02:00  INFO 28633 --- [demo] [    Test worker] com.zaxxer.hikari.pool.HikariPool        : HikariPool-1 - Added connection conn0: url=jdbc:h2:mem:testdb user=SA
2025-01-12T14:10:05.660+02:00  INFO 28633 --- [demo] [    Test worker] com.zaxxer.hikari.HikariDataSource       : HikariPool-1 - Start completed.
2025-01-12T14:10:05.681+02:00  INFO 28633 --- [demo] [    Test worker] org.hibernate.orm.connections.pooling    : HHH10001005: Database info:
	Database JDBC URL [Connecting through datasource 'HikariDataSource (HikariPool-1)']
	Database driver: undefined/unknown
	Database version: 2.3.232
	Autocommit mode: undefined/unknown
	Isolation level: undefined/unknown
	Minimum pool size: undefined/unknown
	Maximum pool size: undefined/unknown
2025-01-12T14:10:05.907+02:00  INFO 28633 --- [demo] [    Test worker] o.h.m.i.EntityInstantiatorPojoStandard   : HHH000182: No default (no-argument) constructor for class: com.example.waterAplication.model.Comanda (class must be instantiated by Interceptor)
2025-01-12T14:10:05.992+02:00  INFO 28633 --- [demo] [    Test worker] o.h.e.t.j.p.i.JtaPlatformInitiator       : HHH000489: No JTA platform available (set 'hibernate.transaction.jta.platform' to enable JTA platform integration)
Hibernate: create table client (id integer generated by default as identity, email varchar(255), name varchar(255), primary key (id))
Hibernate: create table comanda (id integer generated by default as identity, adresa_livrare varchar(255), cantitate integer not null, data_livrare varchar(255), include_dozator boolean not null, tip_apa varchar(255), client_id integer not null, primary key (id))
Hibernate: alter table if exists comanda add constraint FKph3u97ueymbryq6utfel2ge50 foreign key (client_id) references client
2025-01-12T14:10:06.017+02:00  INFO 28633 --- [demo] [    Test worker] j.LocalContainerEntityManagerFactoryBean : Initialized JPA EntityManagerFactory for persistence unit 'default'
2025-01-12T14:10:06.158+02:00  WARN 28633 --- [demo] [    Test worker] JpaBaseConfiguration$JpaWebConfiguration : spring.jpa.open-in-view is enabled by default. Therefore, database queries may be performed during view rendering. Explicitly configure spring.jpa.open-in-view to disable this warning
2025-01-12T14:10:06.313+02:00  INFO 28633 --- [demo] [    Test worker] o.s.b.a.h2.H2ConsoleAutoConfiguration    : H2 console available at '/h2-console'. Database available at 'jdbc:h2:mem:testdb'
2025-01-12T14:10:06.356+02:00  INFO 28633 --- [demo] [    Test worker] c.e.w.DemoApplicationTests               : Started DemoApplicationTests in 1.421 seconds (process running for 1.867)
]]></system-out>
  <system-err><![CDATA[]]></system-err>
</testsuite>
